WARNING: Ignoring invalid distribution -umpy (/home/miniconda/envs/310/lib/python3.7/site-packages)
-- The C compiler identification is GNU 7.3.0
-- The CXX compiler identification is GNU 7.3.0
-- Detecting C compiler ABI info
-- Detecting C compiler ABI info - done
-- Check for working C compiler: /usr/local/gcc/bin/gcc - skipped
-- Detecting C compile features
-- Detecting C compile features - done
-- Detecting CXX compiler ABI info
-- Detecting CXX compiler ABI info - done
-- Check for working CXX compiler: /usr/local/gcc/bin/g++ - skipped
-- Detecting CXX compile features
-- Detecting CXX compile features - done
-- Configuring done
-- Generating done
-- Build files have been written to: /home/stu/cyf/415/ascend310_infer/out
Scanning dependencies of target main
[ 33%] Building CXX object CMakeFiles/main.dir/src/main.cc.o
[ 66%] Building CXX object CMakeFiles/main.dir/src/utils.cc.o
[100%] Linking CXX executable main
[100%] Built target main
